[2023-01-24 11:23:19,666][INFO] Загрузка конфигурации
[2023-01-24 11:23:19,669][INFO] 
===================Конфигурация===================
Логин: +89251673271
Пароль: ПщщпдуНтвуч55
==================================================

[2023-01-24 11:23:19,671][INFO] Вход в аккаунт
[2023-01-24 11:23:22,417][ERROR] Неверный пароль
[2023-01-24 11:23:31,924][ERROR] Неверный пароль
[2023-01-24 11:24:20,780][INFO] Загрузка конфигурации
[2023-01-24 11:24:20,781][INFO] 
===================Конфигурация===================
Логин: +89251673271
Пароль: ПщщпдуНфтвуч55
==================================================

[2023-01-24 11:24:20,782][INFO] Вход в аккаунт
[2023-01-24 11:24:22,567][INFO] Успешный вход в аккаунт
[2023-01-24 11:24:23,571][INFO] Получение ID частной группы
[2023-01-24 11:24:23,571][INFO] Получение ID группы по запросу: https://vk.com/club217241763
[2023-01-24 11:24:23,809][INFO] Просмотр постов с ID групп в частной группе
[2023-01-24 11:24:23,814][INFO] Начинаю просмотр постов групп
[2023-01-24 11:24:24,253][INFO] Найдены следующие группы:
1. https://vk.com/stopgameru
2. https://vk.com/apiclub
3. https://vk.com/python_django_programirovanie
4. Тестовый пост
[2023-01-24 11:24:24,255][INFO] Добавление группы: https://vk.com/stopgameru
[2023-01-24 11:24:24,262][INFO] Получение ID группы по запросу: https://vk.com/stopgameru
[2023-01-24 11:24:24,645][INFO] Группа добавлена: https://vk.com/stopgameru
[2023-01-24 11:24:24,647][INFO] Добавление группы: https://vk.com/apiclub
[2023-01-24 11:24:24,654][INFO] Получение ID группы по запросу: https://vk.com/apiclub
[2023-01-24 11:24:25,040][INFO] Группа добавлена: https://vk.com/apiclub
[2023-01-24 11:24:25,042][INFO] Добавление группы: https://vk.com/python_django_programirovanie
[2023-01-24 11:24:25,048][INFO] Получение ID группы по запросу: https://vk.com/python_django_programirovanie
[2023-01-24 11:24:25,427][INFO] Группа добавлена: https://vk.com/python_django_programirovanie
[2023-01-24 11:24:25,428][INFO] Добавление группы: Тестовый пост
[2023-01-24 11:24:25,432][WARNING] Неправильная ссылка на группу: Тестовый пост
[2023-01-24 11:25:14,381][INFO] Загрузка конфигурации
[2023-01-24 11:25:14,382][INFO] 
===================Конфигурация===================
Логин: +89251673271
Пароль: ПщщпдуНфтвуч55
==================================================

[2023-01-24 11:25:14,384][INFO] Вход в аккаунт
[2023-01-24 11:25:14,862][INFO] Успешный вход в аккаунт
[2023-01-24 11:25:15,873][INFO] Получение ID частной группы
[2023-01-24 11:25:15,873][INFO] Получение ID группы по запросу: https://vk.com/club217241763
[2023-01-24 11:25:16,256][INFO] Просмотр постов с ID групп в частной группе
[2023-01-24 11:25:16,264][INFO] Начинаю просмотр постов групп
[2023-01-24 11:30:58,598][INFO] Загрузка конфигурации
[2023-01-24 11:30:58,600][INFO] 
===================Конфигурация===================
Логин: +89251673271
Пароль: ПщщпдуНфтвуч55
==================================================

[2023-01-24 11:30:58,603][INFO] Вход в аккаунт
[2023-01-24 11:30:58,880][INFO] Успешный вход в аккаунт
[2023-01-24 11:30:59,892][INFO] Получение ID частной группы
[2023-01-24 11:30:59,894][INFO] Получение ID группы по запросу: https://vk.com/club217241763
[2023-01-24 11:30:59,959][INFO] Просмотр постов с ID групп в частной группе
[2023-01-24 11:30:59,967][INFO] Начинаю просмотр постов групп
[2023-01-24 11:33:16,050][INFO] Загрузка конфигурации
[2023-01-24 11:33:16,052][INFO] 
===================Конфигурация===================
Логин: +89251673271
Пароль: ПщщпдуНфтвуч55
==================================================

[2023-01-24 11:33:16,058][INFO] Вход в аккаунт
[2023-01-24 11:33:16,250][INFO] Успешный вход в аккаунт
[2023-01-24 11:33:17,266][INFO] Получение ID частной группы
[2023-01-24 11:33:17,267][INFO] Получение ID группы по запросу: https://vk.com/club217241763
[2023-01-24 11:33:17,330][INFO] Просмотр постов с ID групп в частной группе
[2023-01-24 11:33:17,335][INFO] Начинаю просмотр постов групп
[2023-01-24 11:33:28,440][INFO] Ставлю лайк на пост группы: -1, поста: 399655
